<?xml version="1.0" encoding="UTF-8"?>
<!-- Generated by org.testng.reporters.JUnitXMLReporter -->
<testsuite ignored="0" hostname="LAPTOP-OOVHACRI" failures="0" tests="2" name="Default test" time="0.109" errors="0" timestamp="2022-06-24T15:56:31 IST">
  <testcase classname="amazone.Verify_Amazone_test" name="@BeforeTest Chrome" time="-1.656066390937E9">
    <failure type="org.testng.TestNGException" message="
Parameter &amp;apos;browserName&amp;apos; is required by BeforeTest on method Chrome but has not been marked @Optional or defined
in C:\Users\vipul\AppData\Local\Temp\testng-eclipse-1157280108\testng-customsuite.xml">
      <![CDATA[org.testng.TestNGException: 
Parameter 'browserName' is required by BeforeTest on method Chrome but has not been marked @Optional or defined
in C:\Users\vipul\AppData\Local\Temp\testng-eclipse-1157280108\testng-customsuite.xml
at org.testng.internal.Parameters.createParams(Parameters.java:270)
at org.testng.internal.Parameters.createParametersForMethod(Parameters.java:358)
at org.testng.internal.Parameters.createParameters(Parameters.java:700)
at org.testng.internal.Parameters.createConfigurationParameters(Parameters.java:168)
at org.testng.internal.ConfigInvoker.invokeConfigurations(ConfigInvoker.java:302)
at org.testng.TestRunner.invokeTestConfigurations(TestRunner.java:637)
at org.testng.TestRunner.beforeRun(TestRunner.java:627)
at org.testng.TestRunner.run(TestRunner.java:589)
at org.testng.SuiteRunner.runTest(SuiteRunner.java:377)
at org.testng.SuiteRunner.runSequentially(SuiteRunner.java:371)
at org.testng.SuiteRunner.privateRun(SuiteRunner.java:332)
at org.testng.SuiteRunner.run(SuiteRunner.java:276)
at org.testng.SuiteRunnerWorker.runSuite(SuiteRunnerWorker.java:53)
at org.testng.SuiteRunnerWorker.run(SuiteRunnerWorker.java:96)
at org.testng.TestNG.runSuitesSequentially(TestNG.java:1212)
at org.testng.TestNG.runSuitesLocally(TestNG.java:1134)
at org.testng.TestNG.runSuites(TestNG.java:1063)
at org.testng.TestNG.run(TestNG.java:1031)
at org.testng.remote.AbstractRemoteTestNG.run(AbstractRemoteTestNG.java:115)
at org.testng.remote.RemoteTestNG.initAndRun(RemoteTestNG.java:251)
at org.testng.remote.RemoteTestNG.main(RemoteTestNG.java:77)
]]>
    </failure>
  </testcase> <!-- @BeforeTest Chrome -->
  <testcase classname="amazone.Verify_Amazone_test" name="@BeforeClass launchbrowser" time="-1.656066390981E9">
    <skipped/>
  </testcase> <!-- @BeforeClass launchbrowser -->
  <testcase classname="amazone.Verify_Amazone_test" name="@BeforeMethod login" time="-1.656066391003E9">
    <skipped/>
  </testcase> <!-- @BeforeMethod login -->
  <testcase classname="amazone.Verify_Amazone_test" name="@AfterMethod scr" time="-1.656066391018E9">
    <skipped/>
  </testcase> <!-- @AfterMethod scr -->
  <testcase classname="amazone.Verify_Amazone_test" name="@BeforeMethod login" time="-1.656066391022E9">
    <skipped/>
  </testcase> <!-- @BeforeMethod login -->
  <testcase classname="amazone.Verify_Amazone_test" name="@AfterMethod scr" time="-1.656066391027E9">
    <skipped/>
  </testcase> <!-- @AfterMethod scr -->
  <testcase classname="amazone.Verify_Amazone_test" name="@AfterClass clearobject" time="-1.656066391031E9">
    <skipped/>
  </testcase> <!-- @AfterClass clearobject -->
  <testcase classname="amazone.Verify_Amazone_test" name="@AfterTest closebrowser" time="-1.656066391037E9">
    <skipped/>
  </testcase> <!-- @AfterTest closebrowser -->
  <testcase classname="amazone.Verify_Amazone_test" name="test1" time="0.0">
    <skipped/>
  </testcase> <!-- test1 -->
  <testcase classname="amazone.Verify_Amazone_test" name="test2" time="0.0">
    <skipped/>
  </testcase> <!-- test2 -->
</testsuite> <!-- Default test -->
